<?xml version="1.0" encoding="UTF-8"?>
<!-- Generated by org.testng.reporters.JUnitXMLReporter -->
<testsuite hostname="DESKTOP-UKODEMR" ignored="0" name="Amazon Application Automation Test Cases4" tests="2" failures="1" timestamp="04 Oct 2018 13:07:53 GMT" time="95.205" errors="0">
  <testcase name="validateTodaysDealLabelTest" time="0.199" classname="com.amazom.qa.testcases.TodaysDealPageAmazonTest"/>
  <testcase name="selectAppliancesOptionTest" time="32.717" classname="com.amazom.qa.testcases.TodaysDealPageAmazonTest">
    <failure type="org.openqa.selenium.NoSuchElementException" message="no such element: Unable to locate element: {&amp;quot;method&amp;quot;:&amp;quot;xpath&amp;quot;,&amp;quot;selector&amp;quot;:&amp;quot;//a[@href=&amp;apos;https://www.amazon.in/Prestige-PIC-20-Induction-Cooktop/dp/B00YMJ0OI8/ref=gbps_tit_s-4_bb3a_8f840306?smid=A19FTARVZBE213&amp;amp;pf_rd_p=b64a98c4-7e1d-4b82-a77c-891a716ebb3a&amp;amp;pf_rd_s=slot-4&amp;amp;pf_rd_t=701&amp;amp;pf_rd_i=gb_main&amp;amp;pf_rd_m=A1VBAL9TL5WCBF&amp;amp;pf_rd_r=Z7B6FMKW8TF3A9WYK731&amp;apos;]//following::button[1]&amp;quot;}
  (Session info: chrome=69.0.3497.100)
  (Driver info: chromedriver=2.42.591088 (7b2b2dca23cca0862f674758c9a3933e685c27d5),platform=Windows NT 10.0.17134 x86_64) (WARNING: The server did not provide any stacktrace information)
Command duration or timeout: 0 milliseconds
For documentation on this error, please visit: http://seleniumhq.org/exceptions/no_such_element.html
Build info: version: &amp;apos;3.13.0&amp;apos;, revision: &amp;apos;2f0d292&amp;apos;, time: &amp;apos;2018-06-25T15:24:21.231Z&amp;apos;
System info: host: &amp;apos;DESKTOP-UKODEMR&amp;apos;, ip: &amp;apos;192.168.137.1&amp;apos;, os.name: &amp;apos;Windows 10&amp;apos;, os.arch: &amp;apos;amd64&amp;apos;, os.version: &amp;apos;10.0&amp;apos;, java.version: &amp;apos;1.8.0_181&amp;apos;
Driver info: org.openqa.selenium.chrome.ChromeDriver
Capabilities {acceptInsecureCerts: false, acceptSslCerts: false, applicationCacheEnabled: false, browserConnectionEnabled: false, browserName: chrome, chrome: {chromedriverVersion: 2.42.591088 (7b2b2dca23cca0..., userDataDir: C:\Users\SUMAYL~1\AppData\L...}, cssSelectorsEnabled: true, databaseEnabled: false, goog:chromeOptions: {debuggerAddress: localhost:49235}, handlesAlerts: true, hasTouchScreen: false, javascriptEnabled: true, locationContextEnabled: true, mobileEmulationEnabled: false, nativeEvents: true, networkConnectionEnabled: false, pageLoadStrategy: normal, platform: XP, platformName: XP, rotatable: false, setWindowRect: true, takesHeapSnapshot: true, takesScreenshot: true, unexpectedAlertBehaviour: , unhandledPromptBehavior: , version: 69.0.3497.100, webStorageEnabled: true}
Session ID: bdfea97ae8533bc56ff89239969c4396
*** Element info: {Using=xpath, value=//a[@href=&amp;apos;https://www.amazon.in/Prestige-PIC-20-Induction-Cooktop/dp/B00YMJ0OI8/ref=gbps_tit_s-4_bb3a_8f840306?smid=A19FTARVZBE213&amp;amp;pf_rd_p=b64a98c4-7e1d-4b82-a77c-891a716ebb3a&amp;amp;pf_rd_s=slot-4&amp;amp;pf_rd_t=701&amp;amp;pf_rd_i=gb_main&amp;amp;pf_rd_m=A1VBAL9TL5WCBF&amp;amp;pf_rd_r=Z7B6FMKW8TF3A9WYK731&amp;apos;]//following::button[1]}">
      <![CDATA[org.openqa.selenium.NoSuchElementException: no such element: Unable to locate element: {"method":"xpath","selector":"//a[@href='https://www.amazon.in/Prestige-PIC-20-Induction-Cooktop/dp/B00YMJ0OI8/ref=gbps_tit_s-4_bb3a_8f840306?smid=A19FTARVZBE213&pf_rd_p=b64a98c4-7e1d-4b82-a77c-891a716ebb3a&pf_rd_s=slot-4&pf_rd_t=701&pf_rd_i=gb_main&pf_rd_m=A1VBAL9TL5WCBF&pf_rd_r=Z7B6FMKW8TF3A9WYK731']//following::button[1]"}
  (Session info: chrome=69.0.3497.100)
  (Driver info: chromedriver=2.42.591088 (7b2b2dca23cca0862f674758c9a3933e685c27d5),platform=Windows NT 10.0.17134 x86_64) (WARNING: The server did not provide any stacktrace information)
Command duration or timeout: 0 milliseconds
For documentation on this error, please visit: http://seleniumhq.org/exceptions/no_such_element.html
Build info: version: '3.13.0', revision: '2f0d292', time: '2018-06-25T15:24:21.231Z'
System info: host: 'DESKTOP-UKODEMR', ip: '192.168.137.1', os.name: 'Windows 10', os.arch: 'amd64', os.version: '10.0', java.version: '1.8.0_181'
Driver info: org.openqa.selenium.chrome.ChromeDriver
Capabilities {acceptInsecureCerts: false, acceptSslCerts: false, applicationCacheEnabled: false, browserConnectionEnabled: false, browserName: chrome, chrome: {chromedriverVersion: 2.42.591088 (7b2b2dca23cca0..., userDataDir: C:\Users\SUMAYL~1\AppData\L...}, cssSelectorsEnabled: true, databaseEnabled: false, goog:chromeOptions: {debuggerAddress: localhost:49235}, handlesAlerts: true, hasTouchScreen: false, javascriptEnabled: true, locationContextEnabled: true, mobileEmulationEnabled: false, nativeEvents: true, networkConnectionEnabled: false, pageLoadStrategy: normal, platform: XP, platformName: XP, rotatable: false, setWindowRect: true, takesHeapSnapshot: true, takesScreenshot: true, unexpectedAlertBehaviour: , unhandledPromptBehavior: , version: 69.0.3497.100, webStorageEnabled: true}
Session ID: bdfea97ae8533bc56ff89239969c4396
*** Element info: {Using=xpath, value=//a[@href='https://www.amazon.in/Prestige-PIC-20-Induction-Cooktop/dp/B00YMJ0OI8/ref=gbps_tit_s-4_bb3a_8f840306?smid=A19FTARVZBE213&pf_rd_p=b64a98c4-7e1d-4b82-a77c-891a716ebb3a&pf_rd_s=slot-4&pf_rd_t=701&pf_rd_i=gb_main&pf_rd_m=A1VBAL9TL5WCBF&pf_rd_r=Z7B6FMKW8TF3A9WYK731']//following::button[1]}
at org.openqa.selenium.remote.ErrorHandler.createThrowable(ErrorHandler.java:214)
at org.openqa.selenium.remote.ErrorHandler.throwIfResponseFailed(ErrorHandler.java:166)
at org.openqa.selenium.remote.http.JsonHttpResponseCodec.reconstructValue(JsonHttpResponseCodec.java:40)
at org.openqa.selenium.remote.http.AbstractHttpResponseCodec.decode(AbstractHttpResponseCodec.java:80)
at org.openqa.selenium.remote.http.AbstractHttpResponseCodec.decode(AbstractHttpResponseCodec.java:44)
at org.openqa.selenium.remote.HttpCommandExecutor.execute(HttpCommandExecutor.java:158)
at org.openqa.selenium.remote.service.DriverCommandExecutor.execute(DriverCommandExecutor.java:83)
at org.openqa.selenium.remote.RemoteWebDriver.execute(RemoteWebDriver.java:548)
at org.openqa.selenium.remote.RemoteWebDriver.findElement(RemoteWebDriver.java:322)
at org.openqa.selenium.remote.RemoteWebDriver.findElementByXPath(RemoteWebDriver.java:424)
at org.openqa.selenium.By$ByXPath.findElement(By.java:353)
at org.openqa.selenium.remote.RemoteWebDriver.findElement(RemoteWebDriver.java:314)
at org.openqa.selenium.support.pagefactory.DefaultElementLocator.findElement(DefaultElementLocator.java:69)
at org.openqa.selenium.support.pagefactory.internal.LocatingElementHandler.invoke(LocatingElementHandler.java:38)
at com.sun.proxy.$Proxy11.click(Unknown Source)
at com.amazon.qa.pages.TodaysDealPageAmazon.selectAppliancesOption(TodaysDealPageAmazon.java:46)
at com.amazom.qa.testcases.TodaysDealPageAmazonTest.selectAppliancesOptionTest(TodaysDealPageAmazonTest.java:47)
... Removed 29 stack frames]]>
    </failure>
  </testcase> <!-- selectAppliancesOptionTest -->
</testsuite> <!-- Amazon Application Automation Test Cases4 -->
